[ 2023-12-10 12:23:20,771 ] 26 root - INFO - Data Ingestion methods Starts
[ 2023-12-10 12:23:20,855 ] 29 root - INFO - Dataset read as pandas Dataframe
[ 2023-12-10 12:23:21,296 ] 33 root - INFO - Train test split
[ 2023-12-10 12:23:21,670 ] 39 root - INFO - Ingestion of Data is completed
[ 2023-12-10 12:23:21,749 ] 90 root - INFO - Read train and test data completed
[ 2023-12-10 12:23:21,759 ] 91 root - INFO - Train Dataframe Head : 
   Unnamed: 0  carat    cut color clarity  depth  table  price     x     y     z
0       19498   1.21  Ideal     H    VVS2   61.3   57.0   8131  6.92  6.87  4.23
1       31230   0.31  Ideal     E     VS2   62.0   56.0    756  4.38  4.36  2.71
2       22312   1.21  Ideal     E     VS1   62.4   57.0  10351  6.75  6.83  4.24
3         279   0.81  Ideal     F     SI2   62.6   55.0   2795  5.92  5.96  3.72
4        6647   0.79  Ideal     I    VVS2   61.7   56.0   4092  5.94  5.95  3.67
[ 2023-12-10 12:23:21,764 ] 92 root - INFO - Test Dataframe Head  : 
   Unnamed: 0  carat        cut color clarity  depth  table  price     x     y     z
0        1389   0.24      Ideal     G    VVS1   62.1   56.0    559  3.97  4.00  2.47
1       50053   0.58  Very Good     F    VVS2   60.0   57.0   2201  5.44  5.42  3.26
2       41646   0.40      Ideal     E    VVS2   62.1   55.0   1238  4.76  4.74  2.95
3       42378   0.43    Premium     E    VVS2   60.8   57.0   1304  4.92  4.89  2.98
4       17245   1.55      Ideal     E     SI2   62.3   55.0   6901  7.44  7.37  4.61
[ 2023-12-10 12:23:21,764 ] 94 root - INFO - Obtaining preprocessing object
[ 2023-12-10 12:23:21,764 ] 36 root - INFO - Data Transformation initiated
[ 2023-12-10 12:23:21,764 ] 46 root - INFO - Pipeline Initiated
[ 2023-12-10 12:23:22,057 ] 115 root - INFO - Applying preprocessing object on training and testing datasets.
[ 2023-12-10 12:23:22,060 ] 126 root - INFO - Processsor pickle in created and saved
[ 2023-12-10 12:23:22,062 ] 27 root - INFO - Splitting Dependent and Independent variables from train and test data
[ 2023-12-10 12:23:23,064 ] 46 root - INFO - Model Report : {'LinearRegression': 0.9074824695469136, 'Lasso': 0.9074441750232355, 'Ridge': 0.9074808180089591, 'Elasticnet': 0.8376548123849741, 'DecisionTree': 0.9646665765585419}
[ 2023-12-10 12:23:23,065 ] 59 root - INFO - Best Model Found , Model Name : DecisionTree , R2 Score : 0.9646665765585419
